nohup: ignoring input
Server listening on http://localhost:4000
Client connected: mYb4OKtR_FY18kB1AAAB
Client connected: 0-UpKhK0QrJ5rkT8AAAD
Client connected: UlQJg6hA8iq9sjdtAAAF
Client connected: WAfAD2a47RCDsJSiAAAH
Client connected: Fygh4vsSjbrJgx-CAAAK
Client connected: 7YA3V105x8h6I0p5AAAL
Client connected: HGa9pllZtRZEIk2UAAAN
Client connected: pPog3JMs1teYhyUGAAAP
Client connected: OMW3QSlWasyszws1AAAR
Client connected: PlBOULD3_xvDx4OtAAAT
Client connected: ZHoH8oQUDGZ5zcSOAAAV
Client connected: r3ieeJoqBKI_VsnHAAAX
Client connected: s3sngoltYZ3UCK6cAAAb
Client connected: n-yHKyil7Qnwtc68AAAc
Client connected: _HsLAji5gCHy_kbBAAAe
Client connected: wsCM2Xw1jQOGmkXrAAAf
Client disconnected: s3sngoltYZ3UCK6cAAAb
Client disconnected: _HsLAji5gCHy_kbBAAAe
Client disconnected: 0-UpKhK0QrJ5rkT8AAAD
Client disconnected: 7YA3V105x8h6I0p5AAAL
Client connected: 8WaM8GeSWKseTnZ5AAAi
Client connected: vqUOC4TJItIYqFYvAAAj
User set name: sukh
Room created: 325CX3 by: sukh
Track loaded in room: 325CX3 by: sukh
User set name: sidhu
User joined room: 325CX3 user: sidhu
Play in room: 325CX3 by: sukh
Pause in room: 325CX3 by: sukh
Play in room: 325CX3 by: sukh
Play in room: 325CX3 by: sukh
Pause in room: 325CX3 by: sukh
Play in room: 325CX3 by: sukh
Seek in room: 325CX3 by: sukh to: 63.46055979643765
Pause in room: 325CX3 by: sukh
Seek in room: 325CX3 by: sukh to: 64.51155979643765
Client connected: PtssPGvEzpT4mqcQAAAo
Client connected: kJSK5Dfvw9a4oWnRAAAp
Client connected: Nm69rtE7hADBB7-KAAAq
Client connected: Sjszw4GzFh5zNl7EAAAr
Client connected: noEh-yWR9YCp0VVvAAAu
Client connected: fZFB6lqJdZbu0BLjAAAw
Client connected: miYh3WWM_J5MNlcHAAAx
Client connected: OzXJhbwEfBZVYXJOAAAz
Client disconnected: fZFB6lqJdZbu0BLjAAAw
Client disconnected: vqUOC4TJItIYqFYvAAAj
Client disconnected: PtssPGvEzpT4mqcQAAAo
Client disconnected: 8WaM8GeSWKseTnZ5AAAi
Client disconnected: noEh-yWR9YCp0VVvAAAu
Client disconnected: Sjszw4GzFh5zNl7EAAAr
Client connected: MqV9pkc2UiDKU7OiAAA2
Client connected: 7bm7d_UaNv6baUEzAAA3
User set name: sukh
Room created: NSLAS1 by: sukh
Client disconnected: mYb4OKtR_FY18kB1AAAB
Client disconnected: PlBOULD3_xvDx4OtAAAT
Client disconnected: OMW3QSlWasyszws1AAAR
Client disconnected: pPog3JMs1teYhyUGAAAP
Client disconnected: HGa9pllZtRZEIk2UAAAN
Client disconnected: Fygh4vsSjbrJgx-CAAAK
Client disconnected: WAfAD2a47RCDsJSiAAAH
Client disconnected: UlQJg6hA8iq9sjdtAAAF
Client disconnected: OzXJhbwEfBZVYXJOAAAz
Client disconnected: miYh3WWM_J5MNlcHAAAx
Client disconnected: Nm69rtE7hADBB7-KAAAq
Client disconnected: kJSK5Dfvw9a4oWnRAAAp
Client disconnected: wsCM2Xw1jQOGmkXrAAAf
Client disconnected: n-yHKyil7Qnwtc68AAAc
Client disconnected: r3ieeJoqBKI_VsnHAAAX
Client disconnected: ZHoH8oQUDGZ5zcSOAAAV
Client connected: j9BezITtPJPwHYgPAAA6
Client connected: iGN3RrQZzBhbcoIKAAA7
User set name: sidhu
User joined room: NSLAS1 user: sidhu
Track loaded in room: NSLAS1 by: sukh
Play in room: NSLAS1 by: sukh
Pause in room: NSLAS1 by: sukh
Play in room: NSLAS1 by: sukh
Pause in room: NSLAS1 by: sukh
Client connected: dkr_o5pwvW2RjDX8AAA_
Client connected: HU3ZbqnPyUjeRpPmAABB
Client connected: 7C7zvoAG65SsVv1OAABC
Client connected: hWvfGSmcyR14DgKqAABD
Client connected: TRa9g1I3X0KJYhoKAABH
Client connected: hIUZJ1GMTlzHF-4iAABI
Client connected: ssdij0OlbfrCe3imAABJ
Client connected: wugb4oR4kvdxa2enAABL
Client connected: kWkbG9azu2SC7wutAABO
Client connected: ym2MmjWjJFmimNAXAABP
Client connected: PNVSoleczl2kSVIoAABS
Client connected: LX4WOnbhwFlEiG4qAABT
Client disconnected: dkr_o5pwvW2RjDX8AAA_
Client disconnected: 7C7zvoAG65SsVv1OAABC
Client disconnected: MqV9pkc2UiDKU7OiAAA2
Client disconnected: 7bm7d_UaNv6baUEzAAA3
Client disconnected: ssdij0OlbfrCe3imAABJ
Client disconnected: hIUZJ1GMTlzHF-4iAABI
Client disconnected: LX4WOnbhwFlEiG4qAABT
Client disconnected: PNVSoleczl2kSVIoAABS
Client connected: KZLDsjm_L8V_CgF_AABW
Client connected: DFynA3IVQYo0QJDfAABX
User set name: sikh
Room created: PUDR6A by: sikh
Track loaded in room: PUDR6A by: sikh
Track loaded in room: PUDR6A by: sikh
Play in room: PUDR6A by: sikh
Pause in room: PUDR6A by: sikh
Play in room: PUDR6A by: sikh
Play in room: PUDR6A by: sikh
Pause in room: PUDR6A by: sikh
Play in room: PUDR6A by: sikh
Track loaded in room: PUDR6A by: sikh
Client disconnected: KZLDsjm_L8V_CgF_AABW
Client disconnected: DFynA3IVQYo0QJDfAABX
Client connected: 4Bk7t4H4M4vOgrPpAABa
Client connected: 4dDLIIgEI4l0AIxtAABb
User set name: skukh
Room created: 7O16BE by: skukh
Track loaded in room: 7O16BE by: skukh
Play in room: 7O16BE by: skukh
Pause in room: 7O16BE by: skukh
Client connected: iDvkFJ5R2UYIKYZDAABf
Client connected: CKmr1SPlXKSiiSpCAABg
Client connected: 1nZNq95Mm03u5SQkAABi
Client connected: CfbBzgy19JwJwwyYAABj
Client connected: 3MpwPHf8qF9KgPfUAABn
Client connected: GwVwJTzwoyLacG_aAABo
Client connected: sqTO3tuwePu6PXxIAABq
Client connected: jYv4KCb0gg-i70npAABr
Client disconnected: sqTO3tuwePu6PXxIAABq
Client disconnected: 4Bk7t4H4M4vOgrPpAABa
Client disconnected: 4dDLIIgEI4l0AIxtAABb
Client disconnected: iDvkFJ5R2UYIKYZDAABf
Client disconnected: 3MpwPHf8qF9KgPfUAABn
Client disconnected: 1nZNq95Mm03u5SQkAABi
Client connected: V688Uvo6fS3snG8fAABu
Client connected: LGGK6TXBdARrxQjZAABv
User set name: ravi
Room created: W98R3L by: ravi
Track loaded in room: W98R3L by: ravi
Play in room: W98R3L by: ravi
Pause in room: W98R3L by: ravi
Play in room: W98R3L by: ravi
Pause in room: W98R3L by: ravi
Play in room: W98R3L by: ravi
User set name: sjh
Room created: YJTQ5Y by: sjh
Track loaded in room: YJTQ5Y by: sjh
Play in room: YJTQ5Y by: sjh
Pause in room: YJTQ5Y by: sjh
Client connected: PIWqns7FTNNEtZ7pAABz
Client connected: l7iQG4ay6euEqHJhAAB0
Client connected: bRsUsFAkCcmJ4No1AAB2
Client connected: CbX4hLZcytMuX0qzAAB3
Client connected: dzLf9PKnPXoU0uAZAAB6
Client connected: jhm13Ve8_W02UUSdAAB7
Client connected: 5A9_XsgOUUZKBCI4AAB9
Client connected: 1sN5Rqx1hEC-FB4PAAB_
Client connected: 2gMFr5H4xDbVR5mcAACB
Client connected: jgmLkSb04U8B756WAACD
Client connected: SgHZHPqFeFcBNxJyAACG
Client connected: R4p7Fv8Yt37sPwwdAACH
Client disconnected: PIWqns7FTNNEtZ7pAABz
Client disconnected: V688Uvo6fS3snG8fAABu
Client disconnected: l7iQG4ay6euEqHJhAAB0
Client disconnected: LGGK6TXBdARrxQjZAABv
Client disconnected: dzLf9PKnPXoU0uAZAAB6
Client disconnected: jhm13Ve8_W02UUSdAAB7
Client disconnected: SgHZHPqFeFcBNxJyAACG
Client disconnected: R4p7Fv8Yt37sPwwdAACH
Client connected: dnk_2dR4joeuegQKAACK
Client connected: kGyYvxJQm8nLD-BJAACL
User set name: sukh
Room created: BKEEBD by: sukh
Track loaded in room: BKEEBD by: sukh
Play in room: BKEEBD by: sukh
Client disconnected: hWvfGSmcyR14DgKqAABD
Client disconnected: HU3ZbqnPyUjeRpPmAABB
Client disconnected: iGN3RrQZzBhbcoIKAAA7
Client disconnected: j9BezITtPJPwHYgPAAA6
Client disconnected: kWkbG9azu2SC7wutAABO
Client disconnected: wugb4oR4kvdxa2enAABL
Client disconnected: TRa9g1I3X0KJYhoKAABH
Client disconnected: ym2MmjWjJFmimNAXAABP
Client disconnected: CfbBzgy19JwJwwyYAABj
Client disconnected: CKmr1SPlXKSiiSpCAABg
Client disconnected: 5A9_XsgOUUZKBCI4AAB9
Client disconnected: CbX4hLZcytMuX0qzAAB3
Client disconnected: bRsUsFAkCcmJ4No1AAB2
Client disconnected: jYv4KCb0gg-i70npAABr
Client disconnected: GwVwJTzwoyLacG_aAABo
Client disconnected: jgmLkSb04U8B756WAACD
Client disconnected: 2gMFr5H4xDbVR5mcAACB
Client disconnected: 1sN5Rqx1hEC-FB4PAAB_
Client connected: GsuqQfWZGZW2EcDyAACO
Client connected: 5IahdwR6auryq2keAACP
User set name: kaggle
User joined room: BKEEBD user: kaggle
Pause in room: BKEEBD by: sukh
Play in room: BKEEBD by: sukh
Pause in room: BKEEBD by: sukh
Client connected: V3aEIbS5Yaou_dkhAACT
Client connected: wV-PfqN1Kd0YKfDxAACV
Client connected: Loth65z8Sgmx5rAUAACW
Client connected: Lhsfcum8o46xBQQhAACX
Client connected: mPUNunqriWeC_kbBAACb
Client connected: NTQLosu7YU0CTqw5AACc
Client connected: f5oWeBL6o3yVdQFnAACd
Client connected: NOrr-zxxNBknB22vAACf
Client connected: m_RcnBWJYDsK3Bp-AACh
Client connected: Hl-aFLIjztxOtlGWAACj
Client disconnected: dnk_2dR4joeuegQKAACK
Client disconnected: f5oWeBL6o3yVdQFnAACd
Client disconnected: kGyYvxJQm8nLD-BJAACL
Client disconnected: V3aEIbS5Yaou_dkhAACT
Client disconnected: Loth65z8Sgmx5rAUAACW
Client disconnected: NTQLosu7YU0CTqw5AACc
Client connected: 8m88P-DepbP7OLIrAACm
Client connected: U72ivXhb1YFtFAinAACn
User set name: sukh
Room created: N23A65 by: sukh
Track loaded in room: N23A65 by: sukh
Play in room: N23A65 by: sukh
Pause in room: N23A65 by: sukh
Play in room: N23A65 by: sukh
Pause in room: N23A65 by: sukh
Client connected: W2DmMZL1rnh43BqwAACs
Client connected: dnU1-WW5XMCzJBMVAACt
Client connected: Fab_LoiUe0cFJd_AAACu
Client connected: KNr6AN4BQrWGDed_AACv
User set name: sidhu
Room created: 7R3HX3 by: sidhu
Track loaded in room: 7R3HX3 by: sidhu
Play in room: 7R3HX3 by: sidhu
Pause in room: 7R3HX3 by: sidhu
User set name: rikh
Room created: R52VOX by: rikh
Client disconnected: NOrr-zxxNBknB22vAACf
Client disconnected: mPUNunqriWeC_kbBAACb
Client disconnected: Lhsfcum8o46xBQQhAACX
Client disconnected: wV-PfqN1Kd0YKfDxAACV
Client disconnected: 5IahdwR6auryq2keAACP
Client disconnected: GsuqQfWZGZW2EcDyAACO
Client disconnected: dnU1-WW5XMCzJBMVAACt
Client disconnected: Hl-aFLIjztxOtlGWAACj
Client disconnected: m_RcnBWJYDsK3Bp-AACh
Client disconnected: Fab_LoiUe0cFJd_AAACu
Client connected: xdB6w4TrA80stWljAACy
Client connected: WMA5WJ5qEkeyhqNnAACz
User set name: rikh
User joined room: 7R3HX3 user: rikh
Play in room: 7R3HX3 by: sidhu
Pause in room: 7R3HX3 by: sidhu
Client disconnected: WMA5WJ5qEkeyhqNnAACz
Client connected: 2rab5CcJplBpuK6oAAC1
Client disconnected: xdB6w4TrA80stWljAACy
Client disconnected: 2rab5CcJplBpuK6oAAC1
Client disconnected: KNr6AN4BQrWGDed_AACv
Client connected: xUQgRCUBXKXeL5FuAAC3
Client connected: zzh0JhtaHLmZq8-VAAC6
Client connected: 50DVJP9b7rCfaKPkAAC7
Client disconnected: 8m88P-DepbP7OLIrAACm
Client disconnected: U72ivXhb1YFtFAinAACn
Client connected: 7taWnnDCFwCtALxNAAC9
Client connected: YJ4OIpt3OX2MDueHAAC_
Client connected: a8j7L7QHMB6cihX3AADB
Client connected: iftNvR5wis6GC0HsAADD
Client connected: dG3A8fl5sEm_2E3FAADG
Client connected: r7UukAtraQKZlsgcAADH
Client connected: ON_TCVqKsSNpC225AADJ
Client connected: wnfseICjdy-bzrd7AADL
Client connected: 7hQ97Xr55SpiqaJyAADO
Client connected: MY0xgMZxEk-_Z4ewAADP
Client disconnected: W2DmMZL1rnh43BqwAACs
Client disconnected: 7hQ97Xr55SpiqaJyAADO
Client disconnected: xUQgRCUBXKXeL5FuAAC3
Client disconnected: r7UukAtraQKZlsgcAADH
Client disconnected: dG3A8fl5sEm_2E3FAADG
Client disconnected: 7taWnnDCFwCtALxNAAC9
Client disconnected: MY0xgMZxEk-_Z4ewAADP
Client disconnected: YJ4OIpt3OX2MDueHAAC_
Client connected: 9aan5mesKhL1dU-4AADS
Client connected: RYvrCmlCUYk6NbSzAADT
User set name: sukh
Room created: 9UZD84 by: sukh
Track loaded in room: 9UZD84 by: sukh
Play in room: 9UZD84 by: sukh
Pause in room: 9UZD84 by: sukh
Track loaded in room: 9UZD84 by: sukh
Track loaded in room: 9UZD84 by: sukh
Play in room: 9UZD84 by: sukh
Pause in room: 9UZD84 by: sukh
Client connected: -Ws2KJf0eXKoiJJwAADX
Client connected: vEm2z2XKVeQkopbWAADZ
Client connected: dVmxRsBhhObwkgY_AADa
Client connected: U5v8867G_Brx_-cPAADb
Client connected: RYJFabvXwISOXA5fAADf
Client connected: DEgc5LO5c0e7OxF-AADg
Client connected: 6vnNx9ZZ_84e9eTbAADh
Client connected: PMeAZ0vNE-cdpRCkAADj
Client disconnected: RYvrCmlCUYk6NbSzAADT
Client disconnected: 6vnNx9ZZ_84e9eTbAADh
Client disconnected: dVmxRsBhhObwkgY_AADa
Client disconnected: RYJFabvXwISOXA5fAADf
Client disconnected: U5v8867G_Brx_-cPAADb
Client disconnected: 9aan5mesKhL1dU-4AADS
Client connected: M11SBBBJ3cthk8AVAADm
Client connected: 1DOaXo-kpEYTqtP9AADn
User set name: sukh
Room created: EIZKUB by: sukh
User set name: sidhu
User joined room: EIZKUB user: sidhu
Client connected: tc0AFBDX2p4MlzBNAADr
Client connected: TuK2AQMuIQbxONR2AADs
Client connected: Rdyu8Fm8KUcC_l9DAADu
Client connected: l08vdlprZS65OlVAAADv
Client disconnected: TuK2AQMuIQbxONR2AADs
Client disconnected: tc0AFBDX2p4MlzBNAADr
Client disconnected: M11SBBBJ3cthk8AVAADm
Client disconnected: 1DOaXo-kpEYTqtP9AADn
Client connected: 2UKhTCohVGEeiO22AADy
Client connected: dMzPngWP-Jy2bnNAAADz
User set name: sidhu
Room created: R6MPGT by: sidhu
Track loaded in room: R6MPGT by: sidhu
Play in room: R6MPGT by: sidhu
Client disconnected: 50DVJP9b7rCfaKPkAAC7
Client disconnected: zzh0JhtaHLmZq8-VAAC6
Client disconnected: iftNvR5wis6GC0HsAADD
Client disconnected: a8j7L7QHMB6cihX3AADB
Client disconnected: DEgc5LO5c0e7OxF-AADg
Client disconnected: vEm2z2XKVeQkopbWAADZ
Client disconnected: -Ws2KJf0eXKoiJJwAADX
Client disconnected: wnfseICjdy-bzrd7AADL
Client disconnected: ON_TCVqKsSNpC225AADJ
Client disconnected: l08vdlprZS65OlVAAADv
Client disconnected: Rdyu8Fm8KUcC_l9DAADu
Client disconnected: PMeAZ0vNE-cdpRCkAADj
Client connected: 90iC6IzzcPld9lzLAAD2
Client connected: D1IBuhNTqSX_XQC_AAD3
User set name: ram
User joined room: R6MPGT user: ram
Pause in room: R6MPGT by: sidhu
Play in room: R6MPGT by: sidhu
Track loaded in room: R6MPGT by: sidhu
Track loaded in room: R6MPGT by: sidhu
Play in room: R6MPGT by: sidhu
Pause in room: R6MPGT by: sidhu
Play in room: R6MPGT by: sidhu
Pause in room: R6MPGT by: sidhu
Play in room: R6MPGT by: sidhu
Seek in room: R6MPGT by: sidhu to: 109.17647058823529
Pause in room: R6MPGT by: sidhu
Client connected: MOULBDeCk_aY4FwAAAD7
Client connected: SE9_xYvyn03Nj5liAAD9
Client connected: CO27fr6vLd0LZHEZAAD-
Client connected: Bac-zy67EZrBFbLgAAD_
Client connected: q9SWldi--CVVXMbQAAEC
Client connected: FDABdF5mUYFQZiC4AAEF
Client connected: r6TphbAyditNIIB6AAEG
Client connected: RP4-85ipeeLM3ZbjAAEH
Client disconnected: FDABdF5mUYFQZiC4AAEF
Client disconnected: dMzPngWP-Jy2bnNAAADz
Client disconnected: CO27fr6vLd0LZHEZAAD-
Client disconnected: Bac-zy67EZrBFbLgAAD_
Client disconnected: 2UKhTCohVGEeiO22AADy
Client disconnected: RP4-85ipeeLM3ZbjAAEH
Client connected: iQ6jBJumUQLrxMFUAAEK
Client connected: tYsk-1KYB-pxoskUAAEL
Client connected: OPw2cG52RBIGFO0GAAEQ
Client connected: TdRSdrtCbSNdiW1pAAER
Client connected: O995rvsTvbk7ZxAiAAES
Client connected: 7RZ37fGbsNtZnX6sAAET
User set name: sukh
Room created: T2KEA0 by: sukh
Track loaded in room: T2KEA0 by: sukh
Play in room: T2KEA0 by: sukh
Client disconnected: 90iC6IzzcPld9lzLAAD2
Client disconnected: D1IBuhNTqSX_XQC_AAD3
Client disconnected: TdRSdrtCbSNdiW1pAAER
Client disconnected: OPw2cG52RBIGFO0GAAEQ
Client disconnected: r6TphbAyditNIIB6AAEG
Client disconnected: q9SWldi--CVVXMbQAAEC
Client disconnected: SE9_xYvyn03Nj5liAAD9
Client disconnected: MOULBDeCk_aY4FwAAAD7
Client connected: xhjI9xvyOZq6-n_sAAEW
Client connected: 05jYyFRAdGDHYJUEAAEX
User set name: gudu
User joined room: T2KEA0 user: gudu
Track loaded in room: T2KEA0 by: sukh
Play in room: T2KEA0 by: sukh
Pause in room: T2KEA0 by: sukh
Play in room: T2KEA0 by: sukh
Track loaded in room: T2KEA0 by: sukh
Play in room: T2KEA0 by: sukh
Pause in room: T2KEA0 by: sukh
Play in room: T2KEA0 by: sukh
Client connected: xn6iwmxyK8KcXshpAAEb
Client connected: kMi_2i-SMcy31zapAAEd
Client connected: 6kTJrzkCzKt3ktanAAEe
Client connected: Nhy866qSdVY2BBYxAAEf
Client connected: YzmqUHhOyq92ZhVPAAEh
Client connected: -WjyIhKyvXCV8-pyAAEj
Client disconnected: tYsk-1KYB-pxoskUAAEL
Client disconnected: 6kTJrzkCzKt3ktanAAEe
Client disconnected: O995rvsTvbk7ZxAiAAES
Client disconnected: kMi_2i-SMcy31zapAAEd
Client disconnected: iQ6jBJumUQLrxMFUAAEK
Client disconnected: 7RZ37fGbsNtZnX6sAAET
Client connected: fZGeQI1YQ_YUcGWrAAEm
Client connected: JEC5ppfv0g5hhIEAAAEn
User set name: sukh
Room created: PDDYVD by: sukh
Client disconnected: 05jYyFRAdGDHYJUEAAEX
Client disconnected: xhjI9xvyOZq6-n_sAAEW
Client disconnected: -WjyIhKyvXCV8-pyAAEj
Client disconnected: YzmqUHhOyq92ZhVPAAEh
Client disconnected: Nhy866qSdVY2BBYxAAEf
Client disconnected: xn6iwmxyK8KcXshpAAEb
Client connected: J14HfY9JHnxTTsX6AAEq
Client connected: xj3lpemW6hJH3YaEAAEr
User set name: dukh
User joined room: PDDYVD user: dukh
Track loaded in room: PDDYVD by: sukh
Play in room: PDDYVD by: sukh
Client connected: hNLXIi-TY-o5Xur1AAEw
Client connected: 9MhYC5SroFDxuT3XAAEx
Client connected: tklcIrmjk6bUjfXlAAEy
Client connected: y70j4DHrwjIT1GQuAAEz
Client disconnected: fZGeQI1YQ_YUcGWrAAEm
Client disconnected: JEC5ppfv0g5hhIEAAAEn
Client disconnected: y70j4DHrwjIT1GQuAAEz
Client disconnected: hNLXIi-TY-o5Xur1AAEw
Client connected: TPYjO83ZeyOQw63RAAE2
Client connected: 3UV0nAYOFh0mMXqkAAE3
Client disconnected: tklcIrmjk6bUjfXlAAEy
Client disconnected: 9MhYC5SroFDxuT3XAAEx
Client disconnected: xj3lpemW6hJH3YaEAAEr
Client disconnected: J14HfY9JHnxTTsX6AAEq
Client connected: Np3KVmC3elEdUO47AAE6
Client connected: Or_31EKir6x3Ld8tAAE7
User set name: sukh
Room created: Z3NQ11 by: sukh
User set name: dukh
User joined room: Z3NQ11 user: dukh
Track loaded in room: Z3NQ11 by: sukh
Play in room: Z3NQ11 by: sukh
Client disconnected: 3UV0nAYOFh0mMXqkAAE3
Client disconnected: TPYjO83ZeyOQw63RAAE2
Client connected: mBMy-HEAEVO7rf9tAAE-
Client connected: _xP5P1EXIoLL2TlFAAE_
User set name: sukh
Client disconnected: Or_31EKir6x3Ld8tAAE7
Client disconnected: Np3KVmC3elEdUO47AAE6
Client connected: TwsdLGfQKbI1CrEwAAFC
Client connected: MuV8EFO516dcTRLPAAFD
User set name: dukh
Room created: KB88FI by: sukh
Track loaded in room: KB88FI by: sukh
Play in room: KB88FI by: sukh
User joined room: KB88FI user: dukh
Pause in room: KB88FI by: sukh
Play in room: KB88FI by: sukh
Pause in room: KB88FI by: sukh
Play in room: KB88FI by: sukh
Track loaded in room: KB88FI by: sukh
Play in room: KB88FI by: sukh
Pause in room: KB88FI by: sukh
Client connected: YCFbvj37VbFocs8VAAFH
Client connected: xdjyuphzhz_ikWw6AAFI
Client connected: 1i9hnQZsWJ2N2Yr5AAFK
Client connected: YNbBGQhkrsJ9__mgAAFL
Client disconnected: _xP5P1EXIoLL2TlFAAE_
Client disconnected: xdjyuphzhz_ikWw6AAFI
Client disconnected: mBMy-HEAEVO7rf9tAAE-
Client disconnected: YNbBGQhkrsJ9__mgAAFL
Client connected: sUJTpGDTxi-qAau7AAFO
Client connected: 6AAUYJAtCjh4m_2eAAFP
User set name: sukh
Room created: VLJV3K by: sukh
Track loaded in room: VLJV3K by: sukh
Play in room: VLJV3K by: sukh
Client disconnected: TwsdLGfQKbI1CrEwAAFC
Client disconnected: 1i9hnQZsWJ2N2Yr5AAFK
Client disconnected: YCFbvj37VbFocs8VAAFH
Client disconnected: MuV8EFO516dcTRLPAAFD
Client connected: tQtU6C6y7cSTTLeWAAFS
Client connected: pRxDpBTmpZoM5hDRAAFT
User set name: sidhu
User joined room: VLJV3K user: sidhu
Seek in room: VLJV3K by: sukh to: 75.05882352941177
Seek in room: VLJV3K by: sukh to: 40.94117647058824
Client disconnected: 6AAUYJAtCjh4m_2eAAFP
Client disconnected: sUJTpGDTxi-qAau7AAFO
Client connected: IqGxJc29HCTeye2tAAFW
Client connected: 05eZLwWakjdJiPJnAAFX
Client disconnected: pRxDpBTmpZoM5hDRAAFT
Client disconnected: tQtU6C6y7cSTTLeWAAFS
Client connected: 0Ez22tqHw2nlsGTEAAFa
Client connected: qOYVAX0mLX6PLmlqAAFb
User set name: sukh
Client connected: -zxCn33z5w0unwrkAAFe
Client connected: Am3Z5CKC7IvUmbxXAAFf
Client connected: UfefIHLv3SsF8Do5AAFh
Client connected: KxwBFIkffKGp4lbJAAFj
Client disconnected: 0Ez22tqHw2nlsGTEAAFa
Client disconnected: KxwBFIkffKGp4lbJAAFj
Client disconnected: UfefIHLv3SsF8Do5AAFh
Client disconnected: qOYVAX0mLX6PLmlqAAFb
Client connected: NhY1GUyno1xIwhZCAAFm
Client connected: vretb1pk2pzKAOgeAAFn
User set name: sukh
Room created: IBJ2UC by: sukh
Track loaded in room: IBJ2UC by: sukh
Play in room: IBJ2UC by: sukh
User set name: sidhu
User joined room: IBJ2UC user: sidhu
Seek in room: IBJ2UC by: sukh to: 10.91764705882353
Pause in room: IBJ2UC by: sukh
Client connected: j26cxx3x741_nxXpAAFr
Client connected: iht_P4vwFg6rjpMPAAFt
Client connected: k3KQeR6hP1gaw89jAAFu
Client connected: vG9pT68OczH3NCCbAAFv
Client disconnected: Am3Z5CKC7IvUmbxXAAFf
Client disconnected: 05eZLwWakjdJiPJnAAFX
Client disconnected: k3KQeR6hP1gaw89jAAFu
Client disconnected: vG9pT68OczH3NCCbAAFv
Client disconnected: IqGxJc29HCTeye2tAAFW
Client disconnected: -zxCn33z5w0unwrkAAFe
Client connected: CDkqV2grHMtEi6FKAAFy
Client connected: Akvb0RJaiC4gYVU2AAFz
User set name: sukh
Room created: KD4278 by: sukh
Track loaded in room: KD4278 by: sukh
Play in room: KD4278 by: sukh
Client connected: 9e3Va9aBX2etSd7UAAF3
Client connected: 78o-x1VFiTSmTH1tAAF5
Client connected: U5KiEKaDScH-GQvzAAF6
Client connected: H7n1y8vKMl1Ag2qZAAF7
Client disconnected: CDkqV2grHMtEi6FKAAFy
Client disconnected: U5KiEKaDScH-GQvzAAF6
Client disconnected: H7n1y8vKMl1Ag2qZAAF7
Client disconnected: Akvb0RJaiC4gYVU2AAFz
Client connected: n9ufmXnCMghrl2iFAAF-
Client connected: qXpXWDFs8AEz4sPaAAF_
User set name: sukh
Room created: PCNT6Y by: sukh
Track loaded in room: PCNT6Y by: sukh
Play in room: PCNT6Y by: sukh
Client disconnected: NhY1GUyno1xIwhZCAAFm
Client disconnected: j26cxx3x741_nxXpAAFr
Client disconnected: vretb1pk2pzKAOgeAAFn
Client disconnected: 78o-x1VFiTSmTH1tAAF5
Client disconnected: 9e3Va9aBX2etSd7UAAF3
Client disconnected: iht_P4vwFg6rjpMPAAFt
Client connected: uUozLBWaD4WpBw_pAAGC
Client connected: XkUG93rX8AXVu9MGAAGD
User set name: dukh
User joined room: PCNT6Y user: dukh
Pause in room: PCNT6Y by: sukh
Play in room: PCNT6Y by: sukh
Pause in room: PCNT6Y by: sukh
Play in room: PCNT6Y by: sukh
Track loaded in room: PCNT6Y by: sukh
Play in room: PCNT6Y by: sukh
Track loaded in room: PCNT6Y by: sukh
Track loaded in room: PCNT6Y by: sukh
Play in room: PCNT6Y by: sukh
Pause in room: PCNT6Y by: sukh
Client connected: OIFxnIoVNCuZkl8dAAGI
Client connected: 1B-0qNKmufsXOevbAAGJ
Client connected: AzXTScRhib_zPFzIAAGK
Client connected: Pn6Zog1z3uwkpvB1AAGL
User set name: sukh
Room created: L6I1B3 by: sukh
Client connected: 2Y8zIhpDTjgnW_k5AAGP
Client connected: UmYZ8mthQPlmj5tMAAGR
Client connected: ulR8p6QP75oQKqK_AAGS
Client connected: HC2hlMpVKC9_mVyfAAGT
Client disconnected: n9ufmXnCMghrl2iFAAF-
Client disconnected: UmYZ8mthQPlmj5tMAAGR
Client disconnected: 2Y8zIhpDTjgnW_k5AAGP
Client disconnected: Pn6Zog1z3uwkpvB1AAGL
Client disconnected: AzXTScRhib_zPFzIAAGK
Client disconnected: qXpXWDFs8AEz4sPaAAF_
Client connected: tOmce6D88ZzYmJR5AAGW
Client connected: l26wC7niU1yWJqjrAAGX
User set name: sukh
Room created: GTX25K by: sukh
User set name: dukh
User joined room: GTX25K user: dukh
Track loaded in room: GTX25K by: sukh
Play in room: GTX25K by: sukh
Client connected: kx5_IggWftB7QDqzAAGb
Client connected: j-K2NM3pwRmByoP4AAGc
Client connected: Ln8-bTrX83JVx9qLAAGd
Client connected: jSVFJTN1UdyivNnXAAGf
Client disconnected: l26wC7niU1yWJqjrAAGX
Client disconnected: Ln8-bTrX83JVx9qLAAGd
Client disconnected: j-K2NM3pwRmByoP4AAGc
Client disconnected: tOmce6D88ZzYmJR5AAGW
Client connected: v7FvgU1lTH7IOYf-AAGi
Client connected: xH_kKUIcYHu49e9MAAGj
User set name: sukh
Room created: QAACVX by: sukh
Client disconnected: 1B-0qNKmufsXOevbAAGJ
Client disconnected: OIFxnIoVNCuZkl8dAAGI
Client disconnected: XkUG93rX8AXVu9MGAAGD
Client disconnected: uUozLBWaD4WpBw_pAAGC
Client disconnected: jSVFJTN1UdyivNnXAAGf
Client disconnected: kx5_IggWftB7QDqzAAGb
Client disconnected: HC2hlMpVKC9_mVyfAAGT
Client disconnected: ulR8p6QP75oQKqK_AAGS
Client connected: cBgCPdWaZWfNa_A5AAGm
Client connected: cbh7UQi_WjWTikuMAAGn
User set name: dukh
Room created: TOKGKW by: dukh
Client disconnected: cBgCPdWaZWfNa_A5AAGm
Client disconnected: cbh7UQi_WjWTikuMAAGn
Client connected: rNMRZHGlnKwH8_tlAAGq
Client connected: d5odaT5LmKjuLfJsAAGr
User set name: dukh
User joined room: QAACVX user: dukh
Client connected: dT3a6bg7dwyauF0UAAGw
Client connected: SaZfPyF51hGmmYh_AAGx
Client connected: M7bxDik8NWiaA1FGAAGy
Client connected: ePklZPIzsf-wizTBAAGz
Client disconnected: v7FvgU1lTH7IOYf-AAGi
Client disconnected: dT3a6bg7dwyauF0UAAGw
Client disconnected: ePklZPIzsf-wizTBAAGz
Client disconnected: xH_kKUIcYHu49e9MAAGj
Client connected: kbHYB_DGp8WSk0SOAAG2
Client connected: aMG8thM1gTkPXeuzAAG3
User set name: sukj
Room created: P7XRBU by: sukj
Client connected: wgI97LARE526hCw6AAG8
Client connected: 5vGIZzNCLVdtA_e1AAG9
Client connected: PpDtP5ywF10pSOJzAAG-
Client connected: DjgYczXnJyf7Mn3-AAG_
Client disconnected: aMG8thM1gTkPXeuzAAG3
Client disconnected: kbHYB_DGp8WSk0SOAAG2
Client disconnected: DjgYczXnJyf7Mn3-AAG_
Client disconnected: PpDtP5ywF10pSOJzAAG-
Client connected: wDjfnLOsd0FOxunfAAHC
Client connected: 1pgnwRyzGM1tIE3-AAHD
User set name: sukh
Room created: 21XDCI by: sukh
Client disconnected: d5odaT5LmKjuLfJsAAGr
Client disconnected: rNMRZHGlnKwH8_tlAAGq
Client disconnected: 5vGIZzNCLVdtA_e1AAG9
Client disconnected: wgI97LARE526hCw6AAG8
Client disconnected: M7bxDik8NWiaA1FGAAGy
Client disconnected: SaZfPyF51hGmmYh_AAGx
Client connected: xiiUnvqr2cMptpFTAAHG
Client connected: gZ5gfNKoYAUxn5w3AAHH
User set name: dukh
User joined room: 21XDCI user: dukh
Client connected: BJHzKLPzInGZhNk5AAHK
Client connected: kZuW6ptIHHO2Hy6xAAHM
Client connected: I1HuSe4zy4BuXl4sAAHO
Client connected: QgJczKf_sMvZEfT8AAHP
Client connected: glXMsrMFhimUkRhVAAHU
Client connected: YgYNI_O7Ef_z1eTwAAHV
Client connected: zmgzmHnAC15ji2eBAAHW
Client connected: 8ByNEpZA4O8sxcjCAAHX
Client disconnected: BJHzKLPzInGZhNk5AAHK
Client disconnected: wDjfnLOsd0FOxunfAAHC
Client disconnected: 1pgnwRyzGM1tIE3-AAHD
Client disconnected: YgYNI_O7Ef_z1eTwAAHV
Client disconnected: glXMsrMFhimUkRhVAAHU
Client disconnected: kZuW6ptIHHO2Hy6xAAHM
Client connected: bDJmKCBaFgzmuygPAAHa
Client connected: dn44xKfPOZ06fbwgAAHb
User set name: sukh
Room created: 4MBPUF by: sukh
Client disconnected: xiiUnvqr2cMptpFTAAHG
Client disconnected: QgJczKf_sMvZEfT8AAHP
Client disconnected: I1HuSe4zy4BuXl4sAAHO
Client disconnected: gZ5gfNKoYAUxn5w3AAHH
Client disconnected: zmgzmHnAC15ji2eBAAHW
Client disconnected: 8ByNEpZA4O8sxcjCAAHX
Client connected: roAbnNzLpESTdZXrAAHe
Client connected: 666l5TXhOLKv6aJPAAHf
User set name: dukh
User joined room: 4MBPUF user: dukh
Client disconnected: bDJmKCBaFgzmuygPAAHa
Client disconnected: dn44xKfPOZ06fbwgAAHb
Client connected: CcbLBinUIoyTs-lGAAHi
Client connected: Ml72iuhdBrzx-cQYAAHj
Client connected: d4XRvzmv0GYFFE0JAAHo
Client connected: gC5X8Px9yhJwxLoNAAHp
Client connected: wQQTzVGSvXDw7sRDAAHq
Client connected: nHolCJnHE59jssz5AAHr
User set name: suh
Room created: YT2N81 by: suh
Client disconnected: nHolCJnHE59jssz5AAHr
Client disconnected: wQQTzVGSvXDw7sRDAAHq
Client disconnected: 666l5TXhOLKv6aJPAAHf
Client disconnected: roAbnNzLpESTdZXrAAHe
Client connected: MeNfbTxB3ZSa5WcUAAHu
Client connected: 6QoCx1Xwx4PN1wE4AAHv
User set name: dukh
User joined room: YT2N81 user: dukh
Client connected: Y2ZysNxTkAqEKCMyAAHz
Client connected: RF3hlnOROVOxJrgPAAH1
Client connected: 9nVvXK3dNCBa-9uWAAH2
Client connected: 0HG-tptRR1wLblV9AAH3
Client disconnected: d4XRvzmv0GYFFE0JAAHo
Client disconnected: Ml72iuhdBrzx-cQYAAHj
Client disconnected: RF3hlnOROVOxJrgPAAH1
Client disconnected: Y2ZysNxTkAqEKCMyAAHz
Client disconnected: gC5X8Px9yhJwxLoNAAHp
Client disconnected: CcbLBinUIoyTs-lGAAHi
Client connected: ucGYnTczeb7iwcKaAAH6
Client connected: bbymxcSteGTyUIVrAAH7
User set name: sukh
Room created: GICDHU by: sukh
Client connected: pt3QVmGzLPlR4yoFAAH_
Client connected: wmbbtUE3LesTBQAPAAIB
Client connected: ofjLFkRr3zV0Ru5vAAIC
Client connected: eD2eILcvqebceTbeAAID
Client disconnected: MeNfbTxB3ZSa5WcUAAHu
Client disconnected: wmbbtUE3LesTBQAPAAIB
Client disconnected: pt3QVmGzLPlR4yoFAAH_
Client disconnected: 0HG-tptRR1wLblV9AAH3
Client disconnected: 9nVvXK3dNCBa-9uWAAH2
Client disconnected: 6QoCx1Xwx4PN1wE4AAHv
Client connected: ucfv0yl7zXxLmogIAAIG
Client connected: kBbCY94ceFOBReIdAAIH
User set name: dukh
User joined room: GICDHU user: dukh
Client disconnected: eD2eILcvqebceTbeAAID
Client disconnected: ofjLFkRr3zV0Ru5vAAIC
Client disconnected: ucGYnTczeb7iwcKaAAH6
Client disconnected: bbymxcSteGTyUIVrAAH7
Client connected: M486Nckswxppzl4dAAIK
Client connected: 6cSDuEK-4ryXignNAAIL
User set name: sukh
Room created: RPJNZX by: sukh
Client disconnected: ucfv0yl7zXxLmogIAAIG
Client disconnected: kBbCY94ceFOBReIdAAIH
Client connected: JkM-UIq0bpJngB_EAAIO
Client connected: sRdVGVmsQo82VHfoAAIP
User set name: dukh
User joined room: RPJNZX user: dukh
Client connected: oPq--bFYwWI82dZVAAIT
Client connected: WtogNH5JSeZZ5zUXAAIU
Client connected: NWj6BPa2UrpguBmWAAIW
Client connected: 09MtJWpuHBCRxkBKAAIX
Client connected: XtodvE_1TQrYfJroAAIZ
Client connected: Lhhz21JgS1a2jrp_AAId
Client connected: QkNynQORtyfL5Gq7AAIe
Client connected: R-odHVKnfzN9hQCdAAIf
Client connected: OvWeFGEpoqsNSP1NAAIh
Client connected: JXJuMsS0_-6PqWv_AAIj
Client connected: _IyqxPVc4s2GlkdqAAIm
Client connected: c3EuHMI4amjPaSoMAAIn
Client disconnected: oPq--bFYwWI82dZVAAIT
Client disconnected: c3EuHMI4amjPaSoMAAIn
Client disconnected: 6cSDuEK-4ryXignNAAIL
Client disconnected: M486Nckswxppzl4dAAIK
Client disconnected: QkNynQORtyfL5Gq7AAIe
Client disconnected: NWj6BPa2UrpguBmWAAIW
Client disconnected: R-odHVKnfzN9hQCdAAIf
Client disconnected: _IyqxPVc4s2GlkdqAAIm
Client connected: HDQjmTsUTv5pE-5xAAIq
Client connected: kkJ88CIypBFEpLyVAAIr
User set name: sukh
Room created: BXJ3U3 by: sukh
Client disconnected: JkM-UIq0bpJngB_EAAIO
Client disconnected: JXJuMsS0_-6PqWv_AAIj
Client disconnected: OvWeFGEpoqsNSP1NAAIh
Client disconnected: Lhhz21JgS1a2jrp_AAId
Client disconnected: XtodvE_1TQrYfJroAAIZ
Client disconnected: 09MtJWpuHBCRxkBKAAIX
Client disconnected: WtogNH5JSeZZ5zUXAAIU
Client disconnected: sRdVGVmsQo82VHfoAAIP
Client connected: NbqukjqggfXpCCOWAAIu
Client connected: 0snnOrab8cLFyAc-AAIv
User set name: dukh
User joined room: BXJ3U3 user: dukh
Track loaded in room: BXJ3U3 by: sukh
Play in room: BXJ3U3 by: sukh
Pause in room: BXJ3U3 by: sukh
Client disconnected: HDQjmTsUTv5pE-5xAAIq
Client disconnected: kkJ88CIypBFEpLyVAAIr
Client connected: AYhDwuLvABGyBwVbAAIy
Client connected: --i38t2aMNjhOwAbAAIz
Client connected: 3eDrxWwZzW_At7b6AAI4
Client connected: 4Jf-fp0DjRMfiGtlAAI5
Client connected: 2io5LAXM0UYakIlRAAI6
Client connected: bySYLIKegHJ1OwVSAAI7
User set name: ram
User set name: sukh
Client connected: YdWoWMErzDStjglfAAI_
Client connected: Oz0JmbN6fs3D1WdIAAJA
Client connected: Rp3ktkLeDEQc1UOoAAJB
Client connected: Qx82P3O-YavjN0vvAAJD
Client disconnected: Oz0JmbN6fs3D1WdIAAJA
Client disconnected: YdWoWMErzDStjglfAAI_
Client disconnected: --i38t2aMNjhOwAbAAIz
Client disconnected: AYhDwuLvABGyBwVbAAIy
Client disconnected: 3eDrxWwZzW_At7b6AAI4
Client disconnected: 4Jf-fp0DjRMfiGtlAAI5
Client connected: iCAslj5nZz3GHbkIAAJG
Client connected: dfUPnUf0wGP_6mALAAJH
User set name: sukh
Room created: YV9KJC by: sukh
Client connected: YhbOpPOcUYZfkN0pAAJK
Client connected: QqgwldR7Z-jhmZisAAJM
Client connected: URiG75HT4_VvQa8CAAJO
Client connected: uYNhxS2S_9JWLHFNAAJP
Client disconnected: QqgwldR7Z-jhmZisAAJM
Client disconnected: iCAslj5nZz3GHbkIAAJG
Client disconnected: dfUPnUf0wGP_6mALAAJH
Client disconnected: uYNhxS2S_9JWLHFNAAJP
Client connected: G3TbHBJ-jSXk_Dk_AAJS
Client connected: lZ4wpRqL2NbX7P3NAAJT
User set name: sukh
Room created: 3SOIXP by: sukh
Client disconnected: URiG75HT4_VvQa8CAAJO
Client disconnected: YhbOpPOcUYZfkN0pAAJK
Client disconnected: Qx82P3O-YavjN0vvAAJD
Client disconnected: Rp3ktkLeDEQc1UOoAAJB
Client disconnected: bySYLIKegHJ1OwVSAAI7
Client disconnected: 2io5LAXM0UYakIlRAAI6
Client disconnected: 0snnOrab8cLFyAc-AAIv
Client disconnected: NbqukjqggfXpCCOWAAIu
Client connected: ejDXU7Jef_ZyHoseAAJW
Client connected: nKMZG1xHmxof8ZqVAAJX
User set name: ram
User joined room: 3SOIXP user: ram
Client disconnected: nKMZG1xHmxof8ZqVAAJX
Client disconnected: ejDXU7Jef_ZyHoseAAJW
Client connected: 1Env6YkYwOdUSazHAAJa
Client connected: UFjq4rsRz3b8HTfnAAJb
User set name: ram
User joined room: 3SOIXP user: ram
Client disconnected: UFjq4rsRz3b8HTfnAAJb
Client disconnected: 1Env6YkYwOdUSazHAAJa
Client connected: hDMZxSYoz9eukCTqAAJe
Client connected: quyzm00zhVJsrvfIAAJf
User set name: ram
User joined room: 3SOIXP user: ram
Client disconnected: lZ4wpRqL2NbX7P3NAAJT
Client disconnected: G3TbHBJ-jSXk_Dk_AAJS
Client connected: tefWqi5e0jYV2sG5AAJi
Client connected: qNeQoTqvQTHWb3LIAAJj
User set name: sukh
User joined room: 3SOIXP user: sukh
Client disconnected: quyzm00zhVJsrvfIAAJf
Client disconnected: hDMZxSYoz9eukCTqAAJe
Client connected: Je2kVn1er-QFZPamAAJm
Client connected: QB7TFJKZt6TQ_szIAAJn
User set name: ram
User joined room: 3SOIXP user: ram
Client disconnected: tefWqi5e0jYV2sG5AAJi
Client disconnected: qNeQoTqvQTHWb3LIAAJj
Client connected: 9C2F1Nu8KiOHuI9uAAJq
Client connected: 1UBoV5CNowLFZtvcAAJr
User set name: sukh
User joined room: 3SOIXP user: sukh
Client disconnected: 1UBoV5CNowLFZtvcAAJr
Client disconnected: 9C2F1Nu8KiOHuI9uAAJq
Client connected: zzVZi8IYr8Hdjx84AAJu
Client connected: Po2vu_xuv6j6dxqzAAJv
User set name: sukh
User joined room: 3SOIXP user: sukh
Client connected: _NY5YHIyAM9NkeHvAAJz
Client connected: DtWNtoB3QBDSkhxQAAJ0
Client connected: Opvuz_5vgEE-b5CnAAJ2
Client connected: ZvNOSW3_LxLFoQOzAAJ3
User set name: ram
User joined room: 3SOIXP user: ram
User set name: sukh
User joined room: 3SOIXP user: sukh
Client connected: bPueTbRGlG_RaQapAAJ6
Client connected: beUU54aM8wY0EVc3AAJ7
Client connected: 54gNNdxa28N6yzagAAJ9
Client connected: D90yrqgHS_IwSXvHAAJ_
Client disconnected: zzVZi8IYr8Hdjx84AAJu
Client disconnected: bPueTbRGlG_RaQapAAJ6
Client disconnected: beUU54aM8wY0EVc3AAJ7
Client disconnected: _NY5YHIyAM9NkeHvAAJz
Client disconnected: Opvuz_5vgEE-b5CnAAJ2
Client disconnected: Po2vu_xuv6j6dxqzAAJv
Client connected: b59O7e9XjmqIU0LYAAKC
Client connected: kWrmnMri90XFUJOXAAKD
User set name: sukh
Room created: 9LCGQG by: sukh
Client disconnected: DtWNtoB3QBDSkhxQAAJ0
Client disconnected: QB7TFJKZt6TQ_szIAAJn
Client disconnected: Je2kVn1er-QFZPamAAJm
Client disconnected: 54gNNdxa28N6yzagAAJ9
Client disconnected: ZvNOSW3_LxLFoQOzAAJ3
Client disconnected: D90yrqgHS_IwSXvHAAJ_
Client connected: dW6To7l6lUptM82AAAKG
Client connected: dK6Gg3tk43HekIujAAKH
User set name: ram
User joined room: 9LCGQG user: ram
Client disconnected: kWrmnMri90XFUJOXAAKD
Client disconnected: b59O7e9XjmqIU0LYAAKC
Client connected: 0G3oiuBM-iB95iQ2AAKK
Client connected: WrF5_et8QdtAxLxvAAKL
User set name: sukh
User joined room: 9LCGQG user: sukh
Client connected: fQTPhn6QJrXi1xI7AAKQ
Client connected: AkntbufjHgaQCH4NAAKR
Client connected: KwDgO8LXwAwsnT89AAKS
Client connected: C51bu5_qHHnn1bLgAAKT
Client disconnected: C51bu5_qHHnn1bLgAAKT
Client disconnected: WrF5_et8QdtAxLxvAAKL
Client disconnected: 0G3oiuBM-iB95iQ2AAKK
Client disconnected: KwDgO8LXwAwsnT89AAKS
Client connected: HFdNw3A8DntYC-yWAAKW
Client connected: hc4sAfLgf9Ntol-0AAKX
User set name: sukh
Room created: ATEY17 by: sukh
Client disconnected: AkntbufjHgaQCH4NAAKR
Client disconnected: fQTPhn6QJrXi1xI7AAKQ
Client disconnected: dK6Gg3tk43HekIujAAKH
Client disconnected: dW6To7l6lUptM82AAAKG
Client connected: oGvrgdbIRKjKgj4mAAKa
Client connected: HGsdBjirTyx4WbsXAAKb
User set name: ram
User joined room: ATEY17 user: ram
Client connected: tzG5DNtir-hugef0AAKf
Client connected: PDadSnQtfCID8cHxAAKg
Client connected: Et6FvUBYhWszNo2tAAKi
Client connected: zRARC92Ju2Po1kV0AAKj
User set name: ram
User joined room: ATEY17 user: ram
User set name: sukh
User joined room: ATEY17 user: sukh
Client connected: HaxzJBrKpq7tkK6SAAKm
Client connected: kFF3j3VbJkwhu8DDAAKo
Client connected: 7r2Xd0BIBRnH-oDyAAKq
Client connected: yZ0YDDyh0Ai0Avc9AAKr
Client disconnected: hc4sAfLgf9Ntol-0AAKX
Client disconnected: HFdNw3A8DntYC-yWAAKW
Client disconnected: tzG5DNtir-hugef0AAKf
Client disconnected: HaxzJBrKpq7tkK6SAAKm
Client disconnected: kFF3j3VbJkwhu8DDAAKo
Client disconnected: Et6FvUBYhWszNo2tAAKi
Client connected: ZudCqOfd2e-lolJTAAKu
Client connected: RJzbQ5tftNiKXJe5AAKv
User set name: sukh
Room created: WPUF2B by: sukh
Client disconnected: yZ0YDDyh0Ai0Avc9AAKr
Client disconnected: 7r2Xd0BIBRnH-oDyAAKq
Client disconnected: zRARC92Ju2Po1kV0AAKj
Client disconnected: PDadSnQtfCID8cHxAAKg
Client disconnected: HGsdBjirTyx4WbsXAAKb
Client disconnected: oGvrgdbIRKjKgj4mAAKa
Client connected: vY68l71yIGeXyWhEAAKy
Client connected: ursnitsNuMSVgu9LAAKz
User set name: ram
User joined room: WPUF2B user: ram
Client disconnected: ZudCqOfd2e-lolJTAAKu
Client disconnected: RJzbQ5tftNiKXJe5AAKv
Client connected: 7n7agVYaR3VCWsvIAAK2
Client connected: lFSzZV3bLjHYEj1FAAK3
User set name: sukh
User joined room: WPUF2B user: sukh
Client connected: boiq8N0rCVWxSdXWAAK7
Client connected: 06ldoNVUFqDCU07mAAK9
Client connected: R6zhahC4wmQlPu7DAAK-
Client connected: zz6Br2zh7Nk-ez5NAAK_
User set name: ram
User joined room: WPUF2B user: ram
User set name: sukh
User joined room: WPUF2B user: sukh
Client disconnected: 7n7agVYaR3VCWsvIAAK2
Client disconnected: lFSzZV3bLjHYEj1FAAK3
Client disconnected: 06ldoNVUFqDCU07mAAK9
Client disconnected: boiq8N0rCVWxSdXWAAK7
Client connected: JROlHw_XA7VFQxdcAALC
Client connected: ZHAgaQcRHt18inImAALD
User set name: sukh
User joined room: WPUF2B user: sukh
Client disconnected: zz6Br2zh7Nk-ez5NAAK_
Client disconnected: ursnitsNuMSVgu9LAAKz
Client disconnected: R6zhahC4wmQlPu7DAAK-
Client disconnected: vY68l71yIGeXyWhEAAKy
Client connected: fx92mPkkxBHApglJAALG
Client connected: RUoJIH5F763LMt-qAALH
User set name: ram
User joined room: WPUF2B user: ram
Client connected: 5-fRBy440G8Rv1QAAALL
Client connected: vEM-1YMGO-h6ZSJuAALN
Client connected: FViYFbyTcHUnbm4hAALO
Client connected: gpKvacUr-V-wfwWLAALP
Client disconnected: gpKvacUr-V-wfwWLAALP
Client disconnected: FViYFbyTcHUnbm4hAALO
Client disconnected: RUoJIH5F763LMt-qAALH
Client disconnected: fx92mPkkxBHApglJAALG
Client connected: qj_wpYpnEMuP2akNAALS
Client connected: ueHsHV0hFbBs8g3UAALT
User set name: ram
Room created: 4XIF6G by: ram
Client disconnected: 5-fRBy440G8Rv1QAAALL
Client disconnected: ZHAgaQcRHt18inImAALD
Client disconnected: vEM-1YMGO-h6ZSJuAALN
Client disconnected: JROlHw_XA7VFQxdcAALC
Client connected: oIeSwjC874xqhqJXAALW
Client connected: GAKoYMbEdVlUK2mjAALX
User set name: sukh
User joined room: 4XIF6G user: sukh
Client disconnected: qj_wpYpnEMuP2akNAALS
Client disconnected: ueHsHV0hFbBs8g3UAALT
Client connected: I9OmFqb9PEQUclICAALa
Client connected: fzyDPWTAZimjWlgKAALb
User set name: ram
User joined room: 4XIF6G user: ram
Client disconnected: oIeSwjC874xqhqJXAALW
Client disconnected: GAKoYMbEdVlUK2mjAALX
Client connected: MAzScOIRrAB-qOoSAALe
Client connected: 9Kp8K719fP4bMm4NAALf
User set name: sukh
User joined room: 4XIF6G user: sukh
Client connected: HCsOz_R4OxY3nXljAALk
Client connected: 8wxYfu75JDBKxjPEAALl
Client connected: w80xfPt1zFZLrxptAALm
Client connected: 75LiPgy7D7oXkO2VAALn
Client disconnected: 9Kp8K719fP4bMm4NAALf
Client disconnected: HCsOz_R4OxY3nXljAALk
Client disconnected: 75LiPgy7D7oXkO2VAALn
Client disconnected: MAzScOIRrAB-qOoSAALe
Client connected: tAb_EJNdlUsq7yPuAALq
Client connected: WV12LAfYHQEdvp4cAALr
User set name: sukh
Client disconnected: tAb_EJNdlUsq7yPuAALq
Client disconnected: WV12LAfYHQEdvp4cAALr
Client connected: bYvVi_E94qXUkPaEAALu
Client connected: qzWxlpG7khaP0-UZAALv
User set name: sukh
Room created: A5OOFO by: sukh
Client disconnected: I9OmFqb9PEQUclICAALa
Client disconnected: fzyDPWTAZimjWlgKAALb
Client disconnected: w80xfPt1zFZLrxptAALm
Client disconnected: 8wxYfu75JDBKxjPEAALl
Client connected: c1CNfP40zwaHVjZBAALy
Client connected: 1NkZ0iZ2CERURlafAALz
User set name: ram
User joined room: A5OOFO user: ram
Client connected: -wxKPyYKa-J8Ckf2AAL3
Client connected: k_WNNpavkM3rLOG1AAL5
Client connected: dylgwV-v2fZQ3aReAAL6
Client connected: -G4OMfsB-V68Suo_AAL7
Client disconnected: bYvVi_E94qXUkPaEAALu
Client disconnected: qzWxlpG7khaP0-UZAALv
Client disconnected: -G4OMfsB-V68Suo_AAL7
Client disconnected: dylgwV-v2fZQ3aReAAL6
Client connected: P3cbdEY39NzrRvqxAAL-
Client connected: hFfN3tJpSJgQvTptAAL_
User set name: sukh
Room created: 5ASRYH by: sukh
Client disconnected: c1CNfP40zwaHVjZBAALy
Client disconnected: k_WNNpavkM3rLOG1AAL5
Client disconnected: -wxKPyYKa-J8Ckf2AAL3
Client disconnected: 1NkZ0iZ2CERURlafAALz
Client connected: Z95Gm4RBNvZnXjp8AAMC
Client connected: tneKSdfm-PJE3gAQAAMD
User set name: ram
User joined room: 5ASRYH user: ram
Client disconnected: hFfN3tJpSJgQvTptAAL_
Client disconnected: P3cbdEY39NzrRvqxAAL-
Client connected: zNgH6nYTMb2woOACAAMG
Client connected: 3zLYQgqVQF9XViQUAAMH
User set name: sukh
User joined room: 5ASRYH user: sukh
Client disconnected: tneKSdfm-PJE3gAQAAMD
Client disconnected: Z95Gm4RBNvZnXjp8AAMC
Client connected: J7NyD2B9wuwH5-IpAAMK
Client connected: Xlq-MheDG8fyACv8AAML
User set name: ram
User joined room: 5ASRYH user: ram
Client disconnected: zNgH6nYTMb2woOACAAMG
Client disconnected: 3zLYQgqVQF9XViQUAAMH
Client disconnected: J7NyD2B9wuwH5-IpAAMK
Client disconnected: Xlq-MheDG8fyACv8AAML
Client connected: R9uO_Abo_k4VMp4fAAMO
Client connected: mGc831GcXU7crCwDAAMQ
User set name: ram
Client connected: zOzBAY9irtHXoODbAAMS
Client connected: fOjb0rN0ieDFGP0wAAMT
User set name: sukh
Client disconnected: zOzBAY9irtHXoODbAAMS
Client disconnected: fOjb0rN0ieDFGP0wAAMT
Client connected: Cm7P0c0SWkYJpVwRAAMW
Client connected: kGBZDdpxHZBpLa6jAAMX
User set name: sukh
Room created: Q8ADV0 by: sukh
Client connected: HM2Zx0L2xFn-SPHfAAMa
Client connected: 8matxuzXvrRnX9QgAAMd
Client connected: a9pA1DEZ096HsqnlAAMe
Client connected: K6G72F2ptFLAT2XhAAMf
Client disconnected: R9uO_Abo_k4VMp4fAAMO
Client disconnected: 8matxuzXvrRnX9QgAAMd
Client disconnected: HM2Zx0L2xFn-SPHfAAMa
Client disconnected: mGc831GcXU7crCwDAAMQ
Client connected: II0lfkRRTXPrmgVTAAMi
Client connected: MK_byxx-dOt7AOlLAAMj
User set name: ram
User joined room: Q8ADV0 user: ram
Client disconnected: Cm7P0c0SWkYJpVwRAAMW
Client disconnected: kGBZDdpxHZBpLa6jAAMX
Client disconnected: a9pA1DEZ096HsqnlAAMe
Client disconnected: K6G72F2ptFLAT2XhAAMf
Client disconnected: MK_byxx-dOt7AOlLAAMj
Client disconnected: II0lfkRRTXPrmgVTAAMi
Client connected: x7m4ALB4SXIFIxWqAAMm
Client connected: Xao4nUOx4bOqxNykAAMn
User set name: ram
Client connected: DeSFyScQAy1Zs4QJAAMq
Client connected: BMX-giz7NqjuRyhAAAMr
User set name: sukh
Room created: 1EC1HR by: ram
Client disconnected: Xao4nUOx4bOqxNykAAMn
Client disconnected: x7m4ALB4SXIFIxWqAAMm
Client connected: ToOmIi79rFCGp8QLAAMu
Client connected: 2iBDQjRyOaJw4yNhAAMv
User set name: ram
Client disconnected: 2iBDQjRyOaJw4yNhAAMv
Client disconnected: ToOmIi79rFCGp8QLAAMu
Client connected: XnDAvmlb3UKH4zd9AAMy
Client connected: ZBG2IfaM-_zkDZZLAAMz
User set name: ram
Room created: 7B379J by: ram
Client disconnected: ZBG2IfaM-_zkDZZLAAMz
Client disconnected: XnDAvmlb3UKH4zd9AAMy
Client connected: -Qnpy7qfVpZs_Jq6AAM2
Client connected: sQjuWbawuUUhTS8TAAM3
User set name: ram
Room created: PIJSS6 by: ram
User joined room: PIJSS6 user: sukh
Client disconnected: sQjuWbawuUUhTS8TAAM3
Client disconnected: -Qnpy7qfVpZs_Jq6AAM2
Client disconnected: BMX-giz7NqjuRyhAAAMr
Client disconnected: DeSFyScQAy1Zs4QJAAMq
Client connected: -tpXH-i-Wy6rmFVnAAM6
Client connected: AivXMn8BiBWTsP_vAAM7
User set name: ram
Client connected: rFib3y3p7VNbRFwIAAM-
Client connected: LOpaOcYvoWECWdipAAM_
User set name: sukh
Client connected: apq7LnF4Z9ofHrSkAAND
Client connected: 1Ceu6UF9Vs3Lb_XqAANF
Client connected: tloICedeCt-ZfwwfAANG
Client connected: sMaCWzJdEH6TGsHlAANH
User set name: ram
User set name: sukh
Client disconnected: 1Ceu6UF9Vs3Lb_XqAANF
Client disconnected: rFib3y3p7VNbRFwIAAM-
Client disconnected: LOpaOcYvoWECWdipAAM_
Client disconnected: tloICedeCt-ZfwwfAANG
Client connected: m_-cvBTH1rFhm5kgAANK
Client connected: xPjXpvf8_-UUUUHRAANL
User set name: sukh
Client connected: UUyCK15I26bHd0GOAANO
Client connected: sCnVATW4xpV8DUAPAANQ
Client connected: blKy-wNUXbv5waq-AANR
Client connected: tKYksNihmur7YGEuAANT
Client disconnected: sCnVATW4xpV8DUAPAANQ
Client disconnected: m_-cvBTH1rFhm5kgAANK
Client disconnected: xPjXpvf8_-UUUUHRAANL
Client disconnected: UUyCK15I26bHd0GOAANO
Client connected: n_RzudUM1miuymEpAANW
Client connected: dWohfKSGPNPWZJ2QAANX
User set name: sukh
Room created: BFFEKB by: sukh
Client disconnected: n_RzudUM1miuymEpAANW
Client disconnected: dWohfKSGPNPWZJ2QAANX
Client connected: mpVBZvFRS7lv_5-SAANa
Client connected: JFfd757iY-LlKouXAANb
User set name: sukh
Room created: KLK38Y by: sukh
Client disconnected: -tpXH-i-Wy6rmFVnAAM6
Client disconnected: apq7LnF4Z9ofHrSkAAND
Client disconnected: AivXMn8BiBWTsP_vAAM7
Client disconnected: tKYksNihmur7YGEuAANT
Client disconnected: blKy-wNUXbv5waq-AANR
Client disconnected: sMaCWzJdEH6TGsHlAANH
Client connected: eeXc2DcgBSiKO6EHAANe
Client connected: fmI4ccS2UPndQmW5AANf
User set name: ram
User joined room: KLK38Y user: ram
Client disconnected: fmI4ccS2UPndQmW5AANf
Client disconnected: eeXc2DcgBSiKO6EHAANe
Client connected: oA0_RxrXGZOHgo9kAANi
Client connected: h9ed_reV4zkKaumiAANj
User set name: ram
User joined room: KLK38Y user: ram
Client disconnected: h9ed_reV4zkKaumiAANj
Client disconnected: oA0_RxrXGZOHgo9kAANi
Client connected: AKyJGEZt-4M_KR5rAANm
Client connected: wHmtn6l3F_KabS_qAANn
User set name: ram
User joined room: KLK38Y user: ram
Client disconnected: JFfd757iY-LlKouXAANb
Client disconnected: mpVBZvFRS7lv_5-SAANa
Client connected: IifH8XzArQRxh7DcAANq
Client connected: VrhifHf92cpBzm3MAANr
User set name: sukh
User joined room: KLK38Y user: sukh
Client disconnected: IifH8XzArQRxh7DcAANq
Client disconnected: VrhifHf92cpBzm3MAANr
Client connected: gwbdizFTV8Hx4bC4AANu
Client connected: 2209jGCwjdKVRT4fAANv
User set name: sukh
User joined room: KLK38Y user: sukh
Client connected: YUc7bwA8UilLfzgvAANz
Client connected: 3kQdM90djLPn003UAAN1
Client connected: lMC7pG-u5-0IkGtBAAN2
Client connected: D2NYZVeepR1yi3F_AAN3
Client disconnected: 2209jGCwjdKVRT4fAANv
Client disconnected: gwbdizFTV8Hx4bC4AANu
Client disconnected: YUc7bwA8UilLfzgvAANz
Client disconnected: lMC7pG-u5-0IkGtBAAN2
Client connected: Unmely00kKrm06mIAAN6
Client connected: Xz0zt8ThQosrDamFAAN7
User set name: sukh
Room created: DPY9Y8 by: sukh
Client disconnected: D2NYZVeepR1yi3F_AAN3
Client disconnected: 3kQdM90djLPn003UAAN1
Client disconnected: wHmtn6l3F_KabS_qAANn
Client disconnected: AKyJGEZt-4M_KR5rAANm
Client connected: J-CQRRtnblWdNDA6AAN-
Client connected: AchMR_UOsAj5LvQSAAN_
User set name: ram
Client connected: VE6rYdE00AyjFPSyAAOD
Client connected: pH3YISpLYadFLjCEAAOF
Client connected: YSgLKLD6bssKMLXwAAOG
Client connected: c58Ib0cBLHGeE2a-AAOH
Client disconnected: J-CQRRtnblWdNDA6AAN-
Client disconnected: AchMR_UOsAj5LvQSAAN_
Client disconnected: VE6rYdE00AyjFPSyAAOD
Client disconnected: pH3YISpLYadFLjCEAAOF
Client connected: MsYoQwrARDaACAD2AAOK
Client connected: 5EpRjF0wcu3ja_Q4AAOL
User set name: ram
User joined room: DPY9Y8 user: ram
Client disconnected: YSgLKLD6bssKMLXwAAOG
Client disconnected: Unmely00kKrm06mIAAN6
Client disconnected: Xz0zt8ThQosrDamFAAN7
Client disconnected: c58Ib0cBLHGeE2a-AAOH
Client connected: BIHXQ6IsNF2h9ndSAAOO
Client connected: Vj-2nnEcPsShkxA5AAOP
User set name: sukh
User joined room: DPY9Y8 user: sukh
Client disconnected: 5EpRjF0wcu3ja_Q4AAOL
Client disconnected: MsYoQwrARDaACAD2AAOK
Client connected: svIYL2zxuIDKIR0rAAOS
Client connected: dbi9efsQQssowyYxAAOT
User set name: ram
User joined room: DPY9Y8 user: ram
Client connected: GMmW9KYce-lJNHKSAAOX
Client connected: QTHW_BcIDljystdqAAOZ
Client connected: amYruO4VZHl9IXorAAOa
Client connected: OpGtXPuN_-6ZCjgSAAOb
Client disconnected: Vj-2nnEcPsShkxA5AAOP
Client disconnected: BIHXQ6IsNF2h9ndSAAOO
Client disconnected: GMmW9KYce-lJNHKSAAOX
Client disconnected: QTHW_BcIDljystdqAAOZ
Client connected: IFZSbOGbeMEI6NPLAAOe
Client connected: lHUdTa1j8V8_ZxgVAAOf
User set name: sukh
Room created: FUPD48 by: sukh
Client disconnected: svIYL2zxuIDKIR0rAAOS
Client disconnected: dbi9efsQQssowyYxAAOT
Client disconnected: OpGtXPuN_-6ZCjgSAAOb
Client disconnected: amYruO4VZHl9IXorAAOa
Client connected: mW4g9U6eZAubXsn6AAOi
Client connected: 7qH4YuujePEZVSjJAAOj
User set name: ram
User joined room: FUPD48 user: ram
Client disconnected: IFZSbOGbeMEI6NPLAAOe
Client disconnected: lHUdTa1j8V8_ZxgVAAOf
Client connected: kiQKc0lIU9eqDaEPAAOm
Client connected: Z9IlhR4nthbAQKJ0AAOn
User set name: sukh
User joined room: FUPD48 user: sukh
Client disconnected: Z9IlhR4nthbAQKJ0AAOn
Client disconnected: kiQKc0lIU9eqDaEPAAOm
Client connected: nLOD9HGtlOORuRELAAOq
Client connected: anA_JSxhx1hpuhZTAAOr
User set name: sukh
User joined room: FUPD48 user: sukh
Client disconnected: anA_JSxhx1hpuhZTAAOr
Client disconnected: nLOD9HGtlOORuRELAAOq
Client connected: BFnTubgrGjEG3z6SAAOu
Client connected: 2vulMZfJDdqXnGD9AAOv
User set name: sukh
User joined room: FUPD48 user: sukh
Client disconnected: BFnTubgrGjEG3z6SAAOu
Client disconnected: 2vulMZfJDdqXnGD9AAOv
Client connected: pFOfOQm7_mb4lkRhAAOy
Client connected: IbqA1T6GJfpendNIAAOz
User set name: sukh
User joined room: FUPD48 user: sukh
Client disconnected: 7qH4YuujePEZVSjJAAOj
Client disconnected: mW4g9U6eZAubXsn6AAOi
Client connected: morkohgChYHAaLLWAAO2
Client connected: M9GEuW0rc0lrjDnsAAO3
User set name: ram
User joined room: FUPD48 user: ram
Client connected: dHI-RE6cleZyXakpAAO8
Client connected: CpJES-8eQck2THWpAAO9
Client connected: yqnnguBsEe5Rtm1nAAO-
Client connected: IPNtN89JSomvGzfcAAO_
User set name: ram
User set name: sukh
User joined room: FUPD48 user: ram
User joined room: FUPD48 user: sukh
Client disconnected: CpJES-8eQck2THWpAAO9
Client disconnected: pFOfOQm7_mb4lkRhAAOy
Client disconnected: dHI-RE6cleZyXakpAAO8
Client disconnected: IbqA1T6GJfpendNIAAOz
Client connected: 3L3wGzeMkhLtcOn2AAPC
Client connected: CvEOsDCl3wkhT6sDAAPD
User set name: sukh
Room created: 7JUELA by: sukh
Client disconnected: CvEOsDCl3wkhT6sDAAPD
Client disconnected: 3L3wGzeMkhLtcOn2AAPC
Client connected: BwhZalMLaLfc_iVWAAPG
Client connected: yM2NUlm3eUrA2_HVAAPH
User set name: sukh
Room created: 9G88XD by: sukh
Client connected: DyZqmnbrQb1myKY7AAPM
Client connected: 4FLIJP3IJgo76Y1-AAPN
User set name: ram
Client connected: azdzu36_v6NS5ntoAAPO
Client connected: YI4xM-1gKk_EyW1BAAPP
User set name: sukh
Client disconnected: yM2NUlm3eUrA2_HVAAPH
Client disconnected: BwhZalMLaLfc_iVWAAPG
Client disconnected: azdzu36_v6NS5ntoAAPO
Client disconnected: YI4xM-1gKk_EyW1BAAPP
Client connected: MMYq2G-9j_4GXFdcAAPS
Client connected: Mqa3gwcmNRuL1gbkAAPT
User set name: sukh
Room created: ACY676 by: sukh
Client disconnected: morkohgChYHAaLLWAAO2
Client disconnected: 4FLIJP3IJgo76Y1-AAPN
Client disconnected: DyZqmnbrQb1myKY7AAPM
Client disconnected: IPNtN89JSomvGzfcAAO_
Client disconnected: yqnnguBsEe5Rtm1nAAO-
Client disconnected: M9GEuW0rc0lrjDnsAAO3
Client connected: IHNPQF4GWmSYW3vlAAPW
Client connected: EF6tmNQEDhhAnS-FAAPX
User set name: ram
User joined room: ACY676 user: ram
Client connected: 14wKwwV_t1ZAM3bBAAPc
Client connected: zQ9UXjwwpCo3yXdSAAPd
Client connected: 66ZNJ50Jdz7lZBFhAAPe
Client connected: 6oKHQuVIyxPdpdWFAAPf
Client disconnected: zQ9UXjwwpCo3yXdSAAPd
Client disconnected: Mqa3gwcmNRuL1gbkAAPT
Client disconnected: MMYq2G-9j_4GXFdcAAPS
Client disconnected: 14wKwwV_t1ZAM3bBAAPc
Client connected: wzjXBrwAnzTqYOytAAPi
Client connected: h4JrQRjWCm36kAS8AAPj
User set name: sukh
Room created: 3Y8TC9 by: sukh
Client disconnected: EF6tmNQEDhhAnS-FAAPX
Client disconnected: IHNPQF4GWmSYW3vlAAPW
Client disconnected: 6oKHQuVIyxPdpdWFAAPf
Client disconnected: 66ZNJ50Jdz7lZBFhAAPe
Client connected: D-O2oXG09YNkE4DxAAPm
Client connected: 3gx9-VdwEiVEQTxuAAPn
User set name: ram
User joined room: 3Y8TC9 user: ram
Client disconnected: wzjXBrwAnzTqYOytAAPi
Client disconnected: h4JrQRjWCm36kAS8AAPj
Client connected: eWrMHqniJM-BeC7MAAPq
Client connected: trcvZ5ngTct94PnBAAPr
User set name: sukh
User joined room: 3Y8TC9 user: sukh
Client connected: E5N9ieyrUY5MxWrkAAPu
Client connected: i7iB11Wx53ymdkA3AAPx
Client connected: hVTZItGswQ3B_VqkAAPy
Client connected: 0892F4o5Z_ptmsbpAAPz
Client connected: bKQup55TNqaOxLZDAAP3
Client connected: blTE2DTkZpM5WSatAAP5
Client connected: c4KyCgjevEkkS3-4AAP6
Client connected: xwEV8GQWkOG-kuE-AAP7
Client connected: k8XVOmJnedO068QSAAP9
Client connected: aliH0MwrtkdIpycvAAP_
Client connected: m4GC-3Z0jM3x-exmAAQC
Client connected: XuGLphXtgE_7vU8rAAQD
